<?xml version="1.0" encoding="UTF-8"?>
<testsuites name="Login_Cases" time="19.591" tests="2" failures="0" errors="0">
   <testsuite name="Login_Cases" tests="2" failures="0" errors="0" time="19.591" skipped="0" timestamp="2022-08-11 10:12:02" hostname="klopezpaz - USQROKLOPEZPAZ1.us.deloitte.com" id="Test Suites/Login_Cases">
      <properties>
         <property name="deviceName" value=""/>
         <property name="devicePlatform" value=""/>
         <property name="logFolder" value="C:\\Users\\klopezpaz\\Katalon Studio\\test\\IOC_POC_Demo_public\\Reports\\20220811_101157\\Login_Cases\\20220811_101158"/>
         <property name="logFiles" value="C:\\Users\\klopezpaz\\Katalon Studio\\test\\IOC_POC_Demo_public\\Reports\\20220811_101157\\Login_Cases\\20220811_101158\\execution0.log"/>
         <property name="attachments" value=""/>
         <property name="hostName" value="klopezpaz - USQROKLOPEZPAZ1.us.deloitte.com"/>
         <property name="os" value="Windows 10 64bit"/>
         <property name="katalonVersion" value="8.4.1.208"/>
         <property name="browser" value="Chrome 104.0.5112.81"/>
         <property name="hostAddress" value="192.168.100.99"/>
         <property name="sessionId" value="1bee718b40d3a480dec4933844ae0337"/>
         <property name="seleniumVersion" value="3.141.59"/>
         <property name="proxyInformation" value="ProxyInformation { proxyOption=NO_PROXY, proxyServerType=HTTP, username=, password=********, proxyServerAddress=, proxyServerPort=0, executionList=&quot;&quot;, isApplyToDesiredCapabilities=true }"/>
         <property name="platform" value="Windows 10"/>
      </properties>
      <testcase name="Test Cases/Login Cases/Login_001" time="10.309" classname="Test Cases/Login Cases/Login_001" status="PASSED">
         <system-out><![CDATA[2022-08-11 10:12:03 - [TEST_CASE][PASSED] - Test Cases/Login Cases/Login_001: Test Cases/Login Cases/Login_001

2022-08-11 10:12:03 - [TEST_STEP][PASSED] - openBrowser(""): Browser is opened with url: ''

2022-08-11 10:12:04 - [MESSAGE][INFO] - Starting 'Chrome' driver

2022-08-11 10:12:04 - [MESSAGE][INFO] - Action delay is set to 0 milliseconds

2022-08-11 10:12:07 - [MESSAGE][PASSED] - Browser is opened with url: ''

2022-08-11 10:12:07 - [TEST_STEP][PASSED] - navigateToUrl("https://katalon-demo-cura.herokuapp.com/"): Navigate to 'https://katalon-demo-cura.herokuapp.com/' successfully

2022-08-11 10:12:09 - [MESSAGE][PASSED] - Navigate to 'https://katalon-demo-cura.herokuapp.com/' successfully

2022-08-11 10:12:09 - [TEST_STEP][PASSED] - click(findTestObject("Object Repository/Page_CURA Healthcare Service/a_Make Appointment")): Object: 'Object Repository/Page_CURA Healthcare Service/a_Make Appointment' is clicked on

2022-08-11 10:12:10 - [MESSAGE][PASSED] - Object: 'Object Repository/Page_CURA Healthcare Service/a_Make Appointment' is clicked on

2022-08-11 10:12:10 - [TEST_STEP][PASSED] - setText(findTestObject("Object Repository/Page_CURA Healthcare Service/input_Username_username"), "John Doe"): Text 'John Doe' is set on object 'Object Repository/Page_CURA Healthcare Service/input_Username_username'

2022-08-11 10:12:11 - [MESSAGE][PASSED] - Text 'John Doe' is set on object 'Object Repository/Page_CURA Healthcare Service/input_Username_username'

2022-08-11 10:12:11 - [TEST_STEP][PASSED] - setEncryptedText(findTestObject("Object Repository/Page_CURA Healthcare Service/input_Password_password"), "g3/DOGG74jC3Flrr3yH+3D/yKbOqqUNM"): Text ****** has been set on object 'Object Repository/Page_CURA Healthcare Service/input_Password_password'

2022-08-11 10:12:11 - [MESSAGE][PASSED] - Text ****** has been set on object 'Object Repository/Page_CURA Healthcare Service/input_Password_password'

2022-08-11 10:12:11 - [TEST_STEP][PASSED] - click(findTestObject("Object Repository/Page_CURA Healthcare Service/button_Login")): Object: 'Object Repository/Page_CURA Healthcare Service/button_Login' is clicked on

2022-08-11 10:12:12 - [MESSAGE][PASSED] - Object: 'Object Repository/Page_CURA Healthcare Service/button_Login' is clicked on

2022-08-11 10:12:12 - [TEST_STEP][PASSED] - closeBrowser(): Browser is closed

2022-08-11 10:12:13 - [MESSAGE][PASSED] - Browser is closed]]></system-out>
         <system-err><![CDATA[]]></system-err>
      </testcase>
      <testcase name="Test Cases/Login Cases/Login_004" time="8.938" classname="Test Cases/Login Cases/Login_004" status="PASSED">
         <system-out><![CDATA[2022-08-11 10:12:13 - [TEST_CASE][PASSED] - Test Cases/Login Cases/Login_004: Test Cases/Login Cases/Login_004

2022-08-11 10:12:14 - [TEST_STEP][PASSED] - openBrowser(""): Browser is opened with url: ''

2022-08-11 10:12:14 - [MESSAGE][INFO] - Starting 'Chrome' driver

2022-08-11 10:12:14 - [MESSAGE][INFO] - Action delay is set to 0 milliseconds

2022-08-11 10:12:16 - [MESSAGE][PASSED] - Browser is opened with url: ''

2022-08-11 10:12:16 - [TEST_STEP][PASSED] - navigateToUrl("https://katalon-demo-cura.herokuapp.com/"): Navigate to 'https://katalon-demo-cura.herokuapp.com/' successfully

2022-08-11 10:12:18 - [MESSAGE][PASSED] - Navigate to 'https://katalon-demo-cura.herokuapp.com/' successfully

2022-08-11 10:12:18 - [TEST_STEP][PASSED] - click(findTestObject("Object Repository/Page_CURA Healthcare Service/a_Make Appointment")): Object: 'Object Repository/Page_CURA Healthcare Service/a_Make Appointment' is clicked on

2022-08-11 10:12:18 - [MESSAGE][PASSED] - Object: 'Object Repository/Page_CURA Healthcare Service/a_Make Appointment' is clicked on

2022-08-11 10:12:18 - [TEST_STEP][PASSED] - setText(findTestObject("Object Repository/Page_CURA Healthcare Service/input_Username_username (wrong)"), "NotUser"): Text 'NotUser' is set on object 'Object Repository/Page_CURA Healthcare Service/input_Username_username (wrong)'

2022-08-11 10:12:19 - [MESSAGE][PASSED] - Text 'NotUser' is set on object 'Object Repository/Page_CURA Healthcare Service/input_Username_username (wrong)'

2022-08-11 10:12:19 - [TEST_STEP][PASSED] - setEncryptedText(findTestObject("Object Repository/Page_CURA Healthcare Service/input_Password_password (wrong)"), "KlM7z2eDj20="): Text ****** has been set on object 'Object Repository/Page_CURA Healthcare Service/input_Password_password (wrong)'

2022-08-11 10:12:20 - [MESSAGE][PASSED] - Text ****** has been set on object 'Object Repository/Page_CURA Healthcare Service/input_Password_password (wrong)'

2022-08-11 10:12:20 - [TEST_STEP][PASSED] - click(findTestObject("Object Repository/Page_CURA Healthcare Service/button_Login")): Object: 'Object Repository/Page_CURA Healthcare Service/button_Login' is clicked on

2022-08-11 10:12:21 - [MESSAGE][PASSED] - Object: 'Object Repository/Page_CURA Healthcare Service/button_Login' is clicked on

2022-08-11 10:12:21 - [TEST_STEP][PASSED] - doubleClick(findTestObject("Object Repository/Page_CURA Healthcare Service/p_Login failed Please ensure the username a_eb55b5")): Object: 'Object Repository/Page_CURA Healthcare Service/p_Login failed Please ensure the username a_eb55b5' is double clicked on

2022-08-11 10:12:21 - [MESSAGE][PASSED] - Object: 'Object Repository/Page_CURA Healthcare Service/p_Login failed Please ensure the username a_eb55b5' is double clicked on

2022-08-11 10:12:21 - [TEST_STEP][PASSED] - closeBrowser(): Browser is closed

2022-08-11 10:12:22 - [MESSAGE][PASSED] - Browser is closed]]></system-out>
         <system-err><![CDATA[]]></system-err>
      </testcase>
      <system-out><![CDATA[2022-08-11 10:12:02 - [TEST_SUITE][PASSED] - Login_Cases: Test Cases/Login Cases/Login_004]]></system-out>
      <system-err><![CDATA[]]></system-err>
   </testsuite>
</testsuites>
