<?xml version="1.0" encoding="UTF-8"?>
<testsuites name="Suite Login" time="31.384" tests="2" failures="0" errors="0">
   <testsuite name="Suite Login" tests="2" failures="0" errors="0" time="31.384" skipped="0" timestamp="2022-08-11 14:23:24" hostname="cromansantillan - USQROCROMANSAN1.us.deloitte.com" id="Test Suites/Suite Login">
      <properties>
         <property name="deviceName" value=""/>
         <property name="devicePlatform" value=""/>
         <property name="logFolder" value="C:\\Users\\cromansantillan\\git\\IOC_POC_Demo_public\\Reports\\20220811_142319\\Suite Login\\20220811_142319"/>
         <property name="logFiles" value="C:\\Users\\cromansantillan\\git\\IOC_POC_Demo_public\\Reports\\20220811_142319\\Suite Login\\20220811_142319\\execution0.log"/>
         <property name="attachments" value=""/>
         <property name="hostName" value="cromansantillan - USQROCROMANSAN1.us.deloitte.com"/>
         <property name="os" value="Windows 10 64bit"/>
         <property name="katalonVersion" value="8.4.1.208"/>
         <property name="browser" value="Chrome 103.0.5060.134"/>
         <property name="hostAddress" value="192.168.100.33"/>
         <property name="sessionId" value="5afef5855939afe0190d194c8dba6f7b"/>
         <property name="seleniumVersion" value="3.141.59"/>
         <property name="proxyInformation" value="ProxyInformation { proxyOption=NO_PROXY, proxyServerType=HTTP, username=, password=********, proxyServerAddress=, proxyServerPort=0, executionList=&quot;&quot;, isApplyToDesiredCapabilities=true }"/>
         <property name="platform" value="Windows 10"/>
      </properties>
      <testcase name="Test Cases/Login/TC_LOGIN_001" time="15.394" classname="Test Cases/Login/TC_LOGIN_001" status="PASSED">
         <system-out><![CDATA[2022-08-11 14:23:24 - [TEST_CASE][PASSED] - Test Cases/Login/TC_LOGIN_001: Test Cases/Login/TC_LOGIN_001

2022-08-11 14:23:25 - [TEST_STEP][PASSED] - openBrowser(""): Browser is opened with url: ''

2022-08-11 14:23:26 - [MESSAGE][INFO] - Starting 'Chrome' driver

2022-08-11 14:23:26 - [MESSAGE][INFO] - Action delay is set to 0 milliseconds

2022-08-11 14:23:30 - [MESSAGE][PASSED] - Browser is opened with url: ''

2022-08-11 14:23:30 - [TEST_STEP][PASSED] - navigateToUrl("https://cms.demo.katalon.com/"): Navigate to 'https://cms.demo.katalon.com/' successfully

2022-08-11 14:23:34 - [MESSAGE][PASSED] - Navigate to 'https://cms.demo.katalon.com/' successfully

2022-08-11 14:23:34 - [TEST_STEP][PASSED] - click(findTestObject("Object Repository/Page_Katalon Ecommerce/Page_Katalon Shop  Katalon Ecommerce/a_My account")): Object: 'Object Repository/Page_Katalon Ecommerce/Page_Katalon Shop  Katalon Ecommerce/a_My account' is clicked on

2022-08-11 14:23:35 - [MESSAGE][PASSED] - Object: 'Object Repository/Page_Katalon Ecommerce/Page_Katalon Shop  Katalon Ecommerce/a_My account' is clicked on

2022-08-11 14:23:35 - [TEST_STEP][PASSED] - setText(findTestObject("Object Repository/Page_Katalon Ecommerce/Page_My account  Katalon Shop/input__username"), "customer"): Text 'customer' is set on object 'Object Repository/Page_Katalon Ecommerce/Page_My account  Katalon Shop/input__username'

2022-08-11 14:23:36 - [MESSAGE][PASSED] - Text 'customer' is set on object 'Object Repository/Page_Katalon Ecommerce/Page_My account  Katalon Shop/input__username'

2022-08-11 14:23:36 - [TEST_STEP][PASSED] - setEncryptedText(findTestObject("Object Repository/Page_Katalon Ecommerce/Page_My account  Katalon Shop/input__password"), "fcttOx1e+dws0mP0AWb2uMRTnZbRfS0W"): Text ****** has been set on object 'Object Repository/Page_Katalon Ecommerce/Page_My account  Katalon Shop/input__password'

2022-08-11 14:23:37 - [MESSAGE][PASSED] - Text ****** has been set on object 'Object Repository/Page_Katalon Ecommerce/Page_My account  Katalon Shop/input__password'

2022-08-11 14:23:37 - [TEST_STEP][PASSED] - click(findTestObject("Object Repository/Page_Katalon Ecommerce/Page_My account  Katalon Shop/button_Log in")): Object: 'Object Repository/Page_Katalon Ecommerce/Page_My account  Katalon Shop/button_Log in' is clicked on

2022-08-11 14:23:38 - [MESSAGE][PASSED] - Object: 'Object Repository/Page_Katalon Ecommerce/Page_My account  Katalon Shop/button_Log in' is clicked on

2022-08-11 14:23:38 - [TEST_STEP][PASSED] - click(findTestObject("Object Repository/Page_Katalon Ecommerce/Page_My account  Katalon Shop/p_Hello Katalon Parlitul_Changed (not Katal_3b376b")): Object: 'Object Repository/Page_Katalon Ecommerce/Page_My account  Katalon Shop/p_Hello Katalon Parlitul_Changed (not Katal_3b376b' is clicked on

2022-08-11 14:23:39 - [MESSAGE][PASSED] - Object: 'Object Repository/Page_Katalon Ecommerce/Page_My account  Katalon Shop/p_Hello Katalon Parlitul_Changed (not Katal_3b376b' is clicked on

2022-08-11 14:23:39 - [TEST_STEP][PASSED] - closeBrowser(): Browser is closed

2022-08-11 14:23:40 - [MESSAGE][PASSED] - Browser is closed]]></system-out>
         <system-err><![CDATA[]]></system-err>
      </testcase>
      <testcase name="Test Cases/Login/TC_LOGIN_002" time="15.625" classname="Test Cases/Login/TC_LOGIN_002" status="PASSED">
         <system-out><![CDATA[2022-08-11 14:23:40 - [TEST_CASE][PASSED] - Test Cases/Login/TC_LOGIN_002: Test Cases/Login/TC_LOGIN_002

2022-08-11 14:23:40 - [TEST_STEP][PASSED] - openBrowser(""): Browser is opened with url: ''

2022-08-11 14:23:40 - [MESSAGE][INFO] - Starting 'Chrome' driver

2022-08-11 14:23:40 - [MESSAGE][INFO] - Action delay is set to 0 milliseconds

2022-08-11 14:23:43 - [MESSAGE][PASSED] - Browser is opened with url: ''

2022-08-11 14:23:43 - [TEST_STEP][PASSED] - navigateToUrl("https://cms.demo.katalon.com/"): Navigate to 'https://cms.demo.katalon.com/' successfully

2022-08-11 14:23:48 - [MESSAGE][PASSED] - Navigate to 'https://cms.demo.katalon.com/' successfully

2022-08-11 14:23:48 - [TEST_STEP][PASSED] - click(findTestObject("Object Repository/Page_Katalon Ecommerce/Page_Katalon Shop  Katalon Ecommerce/a_My account")): Object: 'Object Repository/Page_Katalon Ecommerce/Page_Katalon Shop  Katalon Ecommerce/a_My account' is clicked on

2022-08-11 14:23:49 - [MESSAGE][PASSED] - Object: 'Object Repository/Page_Katalon Ecommerce/Page_Katalon Shop  Katalon Ecommerce/a_My account' is clicked on

2022-08-11 14:23:49 - [TEST_STEP][PASSED] - setText(findTestObject("Object Repository/Page_Katalon Ecommerce/Page_My account  Katalon Shop/input__username"), "customer"): Text 'customer' is set on object 'Object Repository/Page_Katalon Ecommerce/Page_My account  Katalon Shop/input__username'

2022-08-11 14:23:50 - [MESSAGE][PASSED] - Text 'customer' is set on object 'Object Repository/Page_Katalon Ecommerce/Page_My account  Katalon Shop/input__username'

2022-08-11 14:23:50 - [TEST_STEP][PASSED] - setEncryptedText(findTestObject("Object Repository/Page_Katalon Ecommerce/Page_My account  Katalon Shop/input__password"), "vOA0cDqQbrEspEMv59VzcQ=="): Text ****** has been set on object 'Object Repository/Page_Katalon Ecommerce/Page_My account  Katalon Shop/input__password'

2022-08-11 14:23:51 - [MESSAGE][PASSED] - Text ****** has been set on object 'Object Repository/Page_Katalon Ecommerce/Page_My account  Katalon Shop/input__password'

2022-08-11 14:23:51 - [TEST_STEP][PASSED] - click(findTestObject("Object Repository/Page_Katalon Ecommerce/Page_My account  Katalon Shop/button_Log in")): Object: 'Object Repository/Page_Katalon Ecommerce/Page_My account  Katalon Shop/button_Log in' is clicked on

2022-08-11 14:23:54 - [MESSAGE][PASSED] - Object: 'Object Repository/Page_Katalon Ecommerce/Page_My account  Katalon Shop/button_Log in' is clicked on

2022-08-11 14:23:54 - [TEST_STEP][PASSED] - click(findTestObject("Object Repository/Page_Katalon Ecommerce/Page_My account  Katalon Shop/li_ERROR The password you entered for the u_646777")): Object: 'Object Repository/Page_Katalon Ecommerce/Page_My account  Katalon Shop/li_ERROR The password you entered for the u_646777' is clicked on

2022-08-11 14:23:55 - [MESSAGE][PASSED] - Object: 'Object Repository/Page_Katalon Ecommerce/Page_My account  Katalon Shop/li_ERROR The password you entered for the u_646777' is clicked on

2022-08-11 14:23:55 - [TEST_STEP][PASSED] - closeBrowser(): Browser is closed

2022-08-11 14:23:56 - [MESSAGE][PASSED] - Browser is closed]]></system-out>
         <system-err><![CDATA[]]></system-err>
      </testcase>
      <system-out><![CDATA[2022-08-11 14:23:24 - [TEST_SUITE][PASSED] - Suite Login: Test Cases/Login/TC_LOGIN_002]]></system-out>
      <system-err><![CDATA[]]></system-err>
   </testsuite>
</testsuites>
